<?xml version="1.0" encoding="UTF-8"?>
<testng-results skipped="0" failed="1" total="2" passed="1">
  <reporter-output>
  </reporter-output>
  <suite name="Default suite" duration-ms="700" started-at="2021-02-25T14:52:58Z" finished-at="2021-02-25T14:52:59Z">
    <groups>
    </groups>
    <test name="Default test" duration-ms="700" started-at="2021-02-25T14:52:58Z" finished-at="2021-02-25T14:52:59Z">
      <class name="extentreports.generateExtentReport">
        <test-method status="PASS" signature="startReport()[pri:0, instance:extentreports.generateExtentReport@7d0587f1]" name="startReport" is-config="true" duration-ms="350" started-at="2021-02-25T20:22:58Z" finished-at="2021-02-25T20:22:59Z">
          <reporter-output>
          </reporter-output>
        </test-method> <!-- startReport -->
        <test-method status="FAIL" signature="demoReportFail()[pri:0, instance:extentreports.generateExtentReport@7d0587f1]" name="demoReportFail" duration-ms="12" started-at="2021-02-25T20:22:59Z" finished-at="2021-02-25T20:22:59Z">
          <exception class="java.lang.AssertionError">
            <full-stacktrace>
              <![CDATA[java.lang.AssertionError
	at org.junit.Assert.fail(Assert.java:86)
	at org.junit.Assert.assertTrue(Assert.java:41)
	at org.junit.Assert.assertTrue(Assert.java:52)
	at extentreports.generateExtentReport.demoReportFail(generateExtentReport.java:42)
	at sun.reflect.NativeMethodAccessorImpl.invoke0(Native Method)
	at sun.reflect.NativeMethodAccessorImpl.invoke(NativeMethodAccessorImpl.java:62)
	at sun.reflect.DelegatingMethodAccessorImpl.invoke(DelegatingMethodAccessorImpl.java:43)
	at java.lang.reflect.Method.invoke(Method.java:498)
	at org.testng.internal.MethodInvocationHelper.invokeMethod(MethodInvocationHelper.java:85)
	at org.testng.internal.Invoker.invokeMethod(Invoker.java:639)
	at org.testng.internal.Invoker.invokeTestMethod(Invoker.java:816)
	at org.testng.internal.Invoker.invokeTestMethods(Invoker.java:1124)
	at org.testng.internal.TestMethodWorker.invokeTestMethods(TestMethodWorker.java:125)
	at org.testng.internal.TestMethodWorker.run(TestMethodWorker.java:108)
	at org.testng.TestRunner.privateRun(TestRunner.java:774)
	at org.testng.TestRunner.run(TestRunner.java:624)
	at org.testng.SuiteRunner.runTest(SuiteRunner.java:359)
	at org.testng.SuiteRunner.runSequentially(SuiteRunner.java:354)
	at org.testng.SuiteRunner.privateRun(SuiteRunner.java:312)
	at org.testng.SuiteRunner.run(SuiteRunner.java:261)
	at org.testng.SuiteRunnerWorker.runSuite(SuiteRunnerWorker.java:52)
	at org.testng.SuiteRunnerWorker.run(SuiteRunnerWorker.java:86)
	at org.testng.TestNG.runSuitesSequentially(TestNG.java:1215)
	at org.testng.TestNG.runSuitesLocally(TestNG.java:1140)
	at org.testng.TestNG.run(TestNG.java:1048)
	at org.testng.remote.AbstractRemoteTestNG.run(AbstractRemoteTestNG.java:126)
	at org.testng.remote.RemoteTestNG.initAndRun(RemoteTestNG.java:152)
	at org.testng.remote.RemoteTestNG.main(RemoteTestNG.java:57)
]]>
            </full-stacktrace>
          </exception> <!-- java.lang.AssertionError -->
          <reporter-output>
          </reporter-output>
        </test-method> <!-- demoReportFail -->
        <test-method status="PASS" signature="getResult(org.testng.ITestResult)[pri:0, instance:extentreports.generateExtentReport@7d0587f1]" name="getResult" is-config="true" duration-ms="7" started-at="2021-02-25T20:22:59Z" finished-at="2021-02-25T20:22:59Z">
          <params>
            <param index="0">
              <value>
                <![CDATA[[TestResult name=demoReportFail status=FAILURE method=generateExtentReport.demoReportFail()[pri:0, instance:extentreports.generateExtentReport@7d0587f1] output={null}]]]>
              </value>
            </param>
          </params>
          <reporter-output>
          </reporter-output>
        </test-method> <!-- getResult -->
        <test-method status="PASS" signature="demoReportPass()[pri:0, instance:extentreports.generateExtentReport@7d0587f1]" name="demoReportPass" duration-ms="2" started-at="2021-02-25T20:22:59Z" finished-at="2021-02-25T20:22:59Z">
          <reporter-output>
          </reporter-output>
        </test-method> <!-- demoReportPass -->
        <test-method status="PASS" signature="getResult(org.testng.ITestResult)[pri:0, instance:extentreports.generateExtentReport@7d0587f1]" name="getResult" is-config="true" duration-ms="0" started-at="2021-02-25T20:22:59Z" finished-at="2021-02-25T20:22:59Z">
          <params>
            <param index="0">
              <value>
                <![CDATA[[TestResult name=demoReportPass status=SUCCESS method=generateExtentReport.demoReportPass()[pri:0, instance:extentreports.generateExtentReport@7d0587f1] output={null}]]]>
              </value>
            </param>
          </params>
          <reporter-output>
          </reporter-output>
        </test-method> <!-- getResult -->
        <test-method status="PASS" signature="endreport()[pri:0, instance:extentreports.generateExtentReport@7d0587f1]" name="endreport" is-config="true" duration-ms="312" started-at="2021-02-25T20:22:59Z" finished-at="2021-02-25T20:22:59Z">
          <reporter-output>
          </reporter-output>
        </test-method> <!-- endreport -->
      </class> <!-- extentreports.generateExtentReport -->
    </test> <!-- Default test -->
  </suite> <!-- Default suite -->
</testng-results>
